<?xml version="1.0" encoding="UTF-8"?>
<!-- Generated by org.testng.reporters.JUnitXMLReporter -->
<testsuite hostname="iDeliver20-PC" name="Default test" tests="4" failures="0" timestamp="6 Nov 2020 12:20:04 GMT" time="0.14" errors="0">
  <testcase name="@BeforeClass init" time="0.0" classname="com.AP.qa.test.TC001_Single_Product_Checkout1">
    <failure type="org.testng.TestNGException" message="
Parameter &amp;apos;Browser&amp;apos; is required by @Configuration on method init but has not been marked @Optional or defined
in C:\Users\iDeliver20\AppData\Local\Temp\testng-eclipse--2104099346\testng-customsuite.xml">
      <![CDATA[org.testng.TestNGException: 
Parameter 'Browser' is required by @Configuration on method init but has not been marked @Optional or defined
in C:\Users\iDeliver20\AppData\Local\Temp\testng-eclipse--2104099346\testng-customsuite.xml
	at org.testng.internal.Parameters.createParameters(Parameters.java:154)
	at org.testng.internal.Parameters.createParameters(Parameters.java:361)
	at org.testng.internal.Parameters.createConfigurationParameters(Parameters.java:84)
	at org.testng.internal.Invoker.invokeConfigurations(Invoker.java:202)
	at org.testng.internal.Invoker.invokeConfigurations(Invoker.java:143)
	at org.testng.internal.TestMethodWorker.invokeBeforeClassMethods(TestMethodWorker.java:178)
	at org.testng.internal.TestMethodWorker.run(TestMethodWorker.java:108)
	at org.testng.TestRunner.privateRun(TestRunner.java:778)
	at org.testng.TestRunner.run(TestRunner.java:632)
	at org.testng.SuiteRunner.runTest(SuiteRunner.java:366)
	at org.testng.SuiteRunner.runSequentially(SuiteRunner.java:361)
	at org.testng.SuiteRunner.privateRun(SuiteRunner.java:319)
	at org.testng.SuiteRunner.run(SuiteRunner.java:268)
	at org.testng.SuiteRunnerWorker.runSuite(SuiteRunnerWorker.java:52)
	at org.testng.SuiteRunnerWorker.run(SuiteRunnerWorker.java:86)
	at org.testng.TestNG.runSuitesSequentially(TestNG.java:1225)
	at org.testng.TestNG.runSuitesLocally(TestNG.java:1150)
	at org.testng.TestNG.runSuites(TestNG.java:1075)
	at org.testng.TestNG.run(TestNG.java:1047)
	at org.testng.remote.AbstractRemoteTestNG.run(AbstractRemoteTestNG.java:126)
	at org.testng.remote.RemoteTestNG.initAndRun(RemoteTestNG.java:137)
	at org.testng.remote.RemoteTestNG.main(RemoteTestNG.java:58)
]]>
    </failure>
  </testcase> <!-- @BeforeClass init -->
  <testcase name="@AfterClass Flush" time="0.0" classname="com.AP.qa.test.TC001_Single_Product_Checkout1">
    <skipped/>
  </testcase> <!-- @AfterClass Flush -->
  <testcase name="LoginTest" time="0.012" classname="com.AP.qa.test.TC001_Single_Product_Checkout1">
    <skipped/>
  </testcase> <!-- LoginTest -->
  <testcase name="BookingTest" time="0.0" classname="com.AP.qa.test.TC001_Single_Product_Checkout1">
    <skipped/>
  </testcase> <!-- BookingTest -->
  <testcase name="PaymentTest" time="0.001" classname="com.AP.qa.test.TC001_Single_Product_Checkout1">
    <skipped/>
  </testcase> <!-- PaymentTest -->
  <testcase name="LogoutTest" time="0.002" classname="com.AP.qa.test.TC001_Single_Product_Checkout1">
    <skipped/>
  </testcase> <!-- LogoutTest -->
</testsuite> <!-- Default test -->
