<html>
<head>
<title>TestNG:  Test</title>
<link href="../testng.css" rel="stylesheet" type="text/css" />
<link href="../my-testng.css" rel="stylesheet" type="text/css" />

<style type="text/css">
.log { display: none;} 
.stack-trace { display: none;} 
</style>
<script type="text/javascript">
<!--
function flip(e) {
  current = e.style.display;
  if (current == 'block') {
    e.style.display = 'none';
    return 0;
  }
  else {
    e.style.display = 'block';
    return 1;
  }
}

function toggleBox(szDivId, elem, msg1, msg2)
{
  var res = -1;  if (document.getElementById) {
    res = flip(document.getElementById(szDivId));
  }
  else if (document.all) {
    // this is the way old msie versions work
    res = flip(document.all[szDivId]);
  }
  if(elem) {
    if(res == 0) elem.innerHTML = msg1; else elem.innerHTML = msg2;
  }

}

function toggleAllBoxes() {
  if (document.getElementsByTagName) {
    d = document.getElementsByTagName('div');
    for (i = 0; i < d.length; i++) {
      if (d[i].className == 'log') {
        flip(d[i]);
      }
    }
  }
}

// -->
</script>

</head>
<body>
<h2 align='center'>Test</h2><table border='1' align="center">
<tr>
<td>Tests passed/Failed/Skipped:</td><td>1/3/0</td>
</tr><tr>
<td>Started on:</td><td>Fri Nov 06 17:51:26 IST 2020</td>
</tr>
<tr><td>Total time:</td><td>100 seconds (100831 ms)</td>
</tr><tr>
<td>Included groups:</td><td></td>
</tr><tr>
<td>Excluded groups:</td><td></td>
</tr>
</table><p/>
<small><i>(Hover the method name to see the test class name)</i></small><p/>
<table width='100%' border='1' class='invocation-failed'>
<tr><td colspan='4' align='center'><b>FAILED TESTS</b></td></tr>
<tr><td><b>Test method</b></td>
<td width="30%"><b>Exception</b></td>
<td width="10%"><b>Time (seconds)</b></td>
<td><b>Instance</b></td>
</tr>
<tr>
<td title='com.AP.qa.test.TC001_Single_Product_Checkout1.BookingTest()'><b>BookingTest</b><br>Test class: com.AP.qa.test.TC001_Single_Product_Checkout1<br>Parameters: Single</td>
<td><div><pre>java.lang.StringIndexOutOfBoundsException: String index out of range: 88
	at java.lang.String.substring(String.java:1963)
	at com.AP.qa.test.TC001_Single_Product_Checkout1.BookingTest(TC001_Single_Product_Checkout1.java:80)
... Removed 25 stack frames</pre></div><a href='#' onClick='toggleBox("stack-trace1908999587", this, "Click to show all stack frames", "Click to hide stack frames")'>Click to show all stack frames</a>
<div class='stack-trace' id='stack-trace1908999587'><pre>java.lang.StringIndexOutOfBoundsException: String index out of range: 88
	at java.lang.String.substring(String.java:1963)
	at com.AP.qa.test.TC001_Single_Product_Checkout1.BookingTest(TC001_Single_Product_Checkout1.java:80)
	at sun.reflect.NativeMethodAccessorImpl.invoke0(Native Method)
	at sun.reflect.NativeMethodAccessorImpl.invoke(NativeMethodAccessorImpl.java:62)
	at sun.reflect.DelegatingMethodAccessorImpl.invoke(DelegatingMethodAccessorImpl.java:43)
	at java.lang.reflect.Method.invoke(Method.java:498)
	at org.testng.internal.MethodInvocationHelper.invokeMethod(MethodInvocationHelper.java:86)
	at org.testng.internal.Invoker.invokeMethod(Invoker.java:646)
	at org.testng.internal.Invoker.invokeTestMethod(Invoker.java:823)
	at org.testng.internal.Invoker.invokeTestMethods(Invoker.java:1131)
	at org.testng.internal.TestMethodWorker.invokeTestMethods(TestMethodWorker.java:129)
	at org.testng.internal.TestMethodWorker.run(TestMethodWorker.java:112)
	at org.testng.TestRunner.privateRun(TestRunner.java:778)
	at org.testng.TestRunner.run(TestRunner.java:632)
	at org.testng.SuiteRunner.runTest(SuiteRunner.java:366)
	at org.testng.SuiteRunner.runSequentially(SuiteRunner.java:361)
	at org.testng.SuiteRunner.privateRun(SuiteRunner.java:319)
	at org.testng.SuiteRunner.run(SuiteRunner.java:268)
	at org.testng.SuiteRunnerWorker.runSuite(SuiteRunnerWorker.java:52)
	at org.testng.SuiteRunnerWorker.run(SuiteRunnerWorker.java:86)
	at org.testng.TestNG.runSuitesSequentially(TestNG.java:1225)
	at org.testng.TestNG.runSuitesLocally(TestNG.java:1150)
	at org.testng.TestNG.runSuites(TestNG.java:1075)
	at org.testng.TestNG.run(TestNG.java:1047)
	at org.testng.remote.AbstractRemoteTestNG.run(AbstractRemoteTestNG.java:126)
	at org.testng.remote.RemoteTestNG.initAndRun(RemoteTestNG.java:137)
	at org.testng.remote.RemoteTestNG.main(RemoteTestNG.java:58)
</pre></div></td>
<td>0</td>
<td>com.AP.qa.test.TC001_Single_Product_Checkout1@77846d2c</td></tr>
<tr>
<td title='com.AP.qa.test.TC001_Single_Product_Checkout1.LogoutTest()'><b>LogoutTest</b><br>Test class: com.AP.qa.test.TC001_Single_Product_Checkout1</td>
<td><div><pre>java.lang.NullPointerException
	at com.AP.qa.test.TC001_Single_Product_Checkout1.LogoutTest(TC001_Single_Product_Checkout1.java:120)
... Removed 25 stack frames</pre></div><a href='#' onClick='toggleBox("stack-trace1862900975", this, "Click to show all stack frames", "Click to hide stack frames")'>Click to show all stack frames</a>
<div class='stack-trace' id='stack-trace1862900975'><pre>java.lang.NullPointerException
	at com.AP.qa.test.TC001_Single_Product_Checkout1.LogoutTest(TC001_Single_Product_Checkout1.java:120)
	at sun.reflect.NativeMethodAccessorImpl.invoke0(Native Method)
	at sun.reflect.NativeMethodAccessorImpl.invoke(NativeMethodAccessorImpl.java:62)
	at sun.reflect.DelegatingMethodAccessorImpl.invoke(DelegatingMethodAccessorImpl.java:43)
	at java.lang.reflect.Method.invoke(Method.java:498)
	at org.testng.internal.MethodInvocationHelper.invokeMethod(MethodInvocationHelper.java:86)
	at org.testng.internal.Invoker.invokeMethod(Invoker.java:646)
	at org.testng.internal.Invoker.invokeTestMethod(Invoker.java:823)
	at org.testng.internal.Invoker.invokeTestMethods(Invoker.java:1131)
	at org.testng.internal.TestMethodWorker.invokeTestMethods(TestMethodWorker.java:129)
	at org.testng.internal.TestMethodWorker.run(TestMethodWorker.java:112)
	at org.testng.TestRunner.privateRun(TestRunner.java:778)
	at org.testng.TestRunner.run(TestRunner.java:632)
	at org.testng.SuiteRunner.runTest(SuiteRunner.java:366)
	at org.testng.SuiteRunner.runSequentially(SuiteRunner.java:361)
	at org.testng.SuiteRunner.privateRun(SuiteRunner.java:319)
	at org.testng.SuiteRunner.run(SuiteRunner.java:268)
	at org.testng.SuiteRunnerWorker.runSuite(SuiteRunnerWorker.java:52)
	at org.testng.SuiteRunnerWorker.run(SuiteRunnerWorker.java:86)
	at org.testng.TestNG.runSuitesSequentially(TestNG.java:1225)
	at org.testng.TestNG.runSuitesLocally(TestNG.java:1150)
	at org.testng.TestNG.runSuites(TestNG.java:1075)
	at org.testng.TestNG.run(TestNG.java:1047)
	at org.testng.remote.AbstractRemoteTestNG.run(AbstractRemoteTestNG.java:126)
	at org.testng.remote.RemoteTestNG.initAndRun(RemoteTestNG.java:137)
	at org.testng.remote.RemoteTestNG.main(RemoteTestNG.java:58)
</pre></div></td>
<td>0</td>
<td>com.AP.qa.test.TC001_Single_Product_Checkout1@77846d2c</td></tr>
<tr>
<td title='com.AP.qa.test.TC001_Single_Product_Checkout1.PaymentTest()'><b>PaymentTest</b><br>Test class: com.AP.qa.test.TC001_Single_Product_Checkout1</td>
<td><div><pre>java.lang.NullPointerException
	at com.AP.qa.test.TC001_Single_Product_Checkout1.PaymentTest(TC001_Single_Product_Checkout1.java:90)
... Removed 25 stack frames</pre></div><a href='#' onClick='toggleBox("stack-trace497786326", this, "Click to show all stack frames", "Click to hide stack frames")'>Click to show all stack frames</a>
<div class='stack-trace' id='stack-trace497786326'><pre>java.lang.NullPointerException
	at com.AP.qa.test.TC001_Single_Product_Checkout1.PaymentTest(TC001_Single_Product_Checkout1.java:90)
	at sun.reflect.NativeMethodAccessorImpl.invoke0(Native Method)
	at sun.reflect.NativeMethodAccessorImpl.invoke(NativeMethodAccessorImpl.java:62)
	at sun.reflect.DelegatingMethodAccessorImpl.invoke(DelegatingMethodAccessorImpl.java:43)
	at java.lang.reflect.Method.invoke(Method.java:498)
	at org.testng.internal.MethodInvocationHelper.invokeMethod(MethodInvocationHelper.java:86)
	at org.testng.internal.Invoker.invokeMethod(Invoker.java:646)
	at org.testng.internal.Invoker.invokeTestMethod(Invoker.java:823)
	at org.testng.internal.Invoker.invokeTestMethods(Invoker.java:1131)
	at org.testng.internal.TestMethodWorker.invokeTestMethods(TestMethodWorker.java:129)
	at org.testng.internal.TestMethodWorker.run(TestMethodWorker.java:112)
	at org.testng.TestRunner.privateRun(TestRunner.java:778)
	at org.testng.TestRunner.run(TestRunner.java:632)
	at org.testng.SuiteRunner.runTest(SuiteRunner.java:366)
	at org.testng.SuiteRunner.runSequentially(SuiteRunner.java:361)
	at org.testng.SuiteRunner.privateRun(SuiteRunner.java:319)
	at org.testng.SuiteRunner.run(SuiteRunner.java:268)
	at org.testng.SuiteRunnerWorker.runSuite(SuiteRunnerWorker.java:52)
	at org.testng.SuiteRunnerWorker.run(SuiteRunnerWorker.java:86)
	at org.testng.TestNG.runSuitesSequentially(TestNG.java:1225)
	at org.testng.TestNG.runSuitesLocally(TestNG.java:1150)
	at org.testng.TestNG.runSuites(TestNG.java:1075)
	at org.testng.TestNG.run(TestNG.java:1047)
	at org.testng.remote.AbstractRemoteTestNG.run(AbstractRemoteTestNG.java:126)
	at org.testng.remote.RemoteTestNG.initAndRun(RemoteTestNG.java:137)
	at org.testng.remote.RemoteTestNG.main(RemoteTestNG.java:58)
</pre></div></td>
<td>0</td>
<td>com.AP.qa.test.TC001_Single_Product_Checkout1@77846d2c</td></tr>
</table><p>
<table width='100%' border='1' class='invocation-passed'>
<tr><td colspan='4' align='center'><b>PASSED TESTS</b></td></tr>
<tr><td><b>Test method</b></td>
<td width="30%"><b>Exception</b></td>
<td width="10%"><b>Time (seconds)</b></td>
<td><b>Instance</b></td>
</tr>
<tr>
<td title='com.AP.qa.test.TC001_Single_Product_Checkout1.LoginTest()'><b>LoginTest</b><br>Test class: com.AP.qa.test.TC001_Single_Product_Checkout1<br/>
<a href="#Output-1590792382" onClick='toggleBox("Output-1590792382", this, "Show output", "Hide output");'>Show output</a>

<a href="#Output-1590792382" onClick="toggleAllBoxes();">Show all outputs</a>
<div class='log' id="Output-1590792382">
Trying to find Element By : By.xpath: //a[@class='login']<br/>
Found Element By : By.xpath: //a[@class='login']<br/>
Trying to click on: [[ChromeDriver: chrome on WINDOWS (3f646d07301b0e1dc2a9cdf8b2008379)] -> xpath: //a[@class='login']]<br/>
Clicked on: [[ChromeDriver: chrome on WINDOWS (3f646d07301b0e1dc2a9cdf8b2008379)] -> xpath: //a[@class='login']]<br/>
Trying to find Element By : By.xpath: //input[@id='email']<br/>
Found Element By : By.xpath: //input[@id='email']<br/>
Trying to find Element By : By.xpath: //input[@id='passwd']<br/>
Found Element By : By.xpath: //input[@id='passwd']<br/>
Trying to find Element By : By.xpath: //button[@id='SubmitLogin']<br/>
Found Element By : By.xpath: //button[@id='SubmitLogin']<br/>
Trying to click on: [[ChromeDriver: chrome on WINDOWS (3f646d07301b0e1dc2a9cdf8b2008379)] -> xpath: //button[@id='SubmitLogin']]<br/>
Clicked on: [[ChromeDriver: chrome on WINDOWS (3f646d07301b0e1dc2a9cdf8b2008379)] -> xpath: //button[@id='SubmitLogin']]<br/>
Trying to find Element By : By.xpath: //img[@class='logo img-responsive']<br/>
Found Element By : By.xpath: //img[@class='logo img-responsive']<br/>
Trying to click on: [[ChromeDriver: chrome on WINDOWS (3f646d07301b0e1dc2a9cdf8b2008379)] -> xpath: //img[@class='logo img-responsive']]<br/>
Clicked on: [[ChromeDriver: chrome on WINDOWS (3f646d07301b0e1dc2a9cdf8b2008379)] -> xpath: //img[@class='logo img-responsive']]<br/>
Trying to find Element By : By.xpath: //span[contains(text(),'sunil jaiswal')]<br/>
Exception occured: org.openqa.selenium.NoSuchElementException: no such element: Unable to locate element: {"method":"xpath","selector":"//span[contains(text(),'sunil jaiswal')]"}
  (Session info: chrome=86.0.4240.183)
For documentation on this error, please visit: https://www.seleniumhq.org/exceptions/no_such_element.html
Build info: version: '3.141.59', revision: 'e82be7d358', time: '2018-11-14T08:17:03'
System info: host: 'IDELIVER20-PC', ip: '192.168.1.13', os.name: 'Windows 10', os.arch: 'amd64', os.version: '10.0', java.version: '1.8.0_111'
Driver info: org.openqa.selenium.chrome.ChromeDriver
Capabilities {acceptInsecureCerts: false, browserName: chrome, browserVersion: 86.0.4240.183, chrome: {chromedriverVersion: 86.0.4240.22 (398b0743353ff..., userDataDir: C:\Users\IDELIV~1\AppData\L...}, goog:chromeOptions: {debuggerAddress: localhost:59974}, javascriptEnabled: true, networkConnectionEnabled: false, pageLoadStrategy: normal, platform: WINDOWS, platformName: WINDOWS, proxy: Proxy(), setWindowRect: true, strictFileInteractability: false, timeouts: {implicit: 0, pageLoad: 300000, script: 30000}, unhandledPromptBehavior: dismiss and notify, webauthn:virtualAuthenticators: true}
Session ID: 3f646d07301b0e1dc2a9cdf8b2008379
*** Element info: {Using=xpath, value=//span[contains(text(),'sunil jaiswal')]}<br/>
</div>
</td>
<td></td>
<td>57</td>
<td>com.AP.qa.test.TC001_Single_Product_Checkout1@77846d2c</td></tr>
</table><p>
</body>
</html>