<!DOCTYPE html PUBLIC "-//W3C//DTD XHTML 1.1//EN" "http://www.w3.org/TR/xhtml11/DTD/xhtml11.dtd">
<html xmlns="http://www.w3.org/1999/xhtml"><head><title>TestNG Report</title><style type="text/css">table {margin-bottom:10px;border-collapse:collapse;empty-cells:show}th,td {border:1px solid #009;padding:.25em .5em}th {vertical-align:bottom}td {vertical-align:top}table a {font-weight:bold}.stripe td {background-color: #E6EBF9}.num {text-align:right}.passedodd td {background-color: #3F3}.passedeven td {background-color: #0A0}.skippedodd td {background-color: #DDD}.skippedeven td {background-color: #CCC}.failedodd td,.attn {background-color: #F33}.failedeven td,.stripe .attn {background-color: #D00}.stacktrace {white-space:pre;font-family:monospace}.totop {font-size:85%;text-align:center;border-bottom:2px solid #000}</style></head><body><table><tr><th>Test</th><th># Passed</th><th># Skipped</th><th># Failed</th><th>Time (ms)</th><th>Included Groups</th><th>Excluded Groups</th></tr><tr><th colspan="7">Suite</th></tr><tr><td><a href="#t0">Test</a></td><td class="num">1</td><td class="num">0</td><td class="num attn">3</td><td class="num">100,831</td><td></td><td></td></tr></table><table><thead><tr><th>Class</th><th>Method</th><th>Start</th><th>Time (ms)</th></tr></thead><tbody><tr><th colspan="4">Suite</th></tr></tbody><tbody id="t0"><tr><th colspan="4">Test &#8212; failed</th></tr><tr class="failedeven"><td rowspan="3">com.AP.qa.test.TC001_Single_Product_Checkout1</td><td><a href="#m0">BookingTest</a></td><td rowspan="1">1604665386765</td><td rowspan="1">54</td></tr><tr class="failedeven"><td><a href="#m1">LogoutTest</a></td><td rowspan="1">1604665386868</td><td rowspan="1">18</td></tr><tr class="failedeven"><td><a href="#m2">PaymentTest</a></td><td rowspan="1">1604665386830</td><td rowspan="1">28</td></tr><tr><th colspan="4">Test &#8212; passed</th></tr><tr class="passedeven"><td rowspan="1">com.AP.qa.test.TC001_Single_Product_Checkout1</td><td><a href="#m3">LoginTest</a></td><td rowspan="1">1604665329501</td><td rowspan="1">57235</td></tr></tbody></table><h2>Test</h2><h3 id="m0">com.AP.qa.test.TC001_Single_Product_Checkout1#BookingTest</h3><table class="result"><tr class="param"><th>Parameter #1</th></tr><tr class="param stripe"><td>Single</td></tr><tr><th>Exception</th></tr><tr><td><div class="stacktrace">java.lang.StringIndexOutOfBoundsException: String index out of range: 88
	at java.lang.String.substring(String.java:1963)
	at com.AP.qa.test.TC001_Single_Product_Checkout1.BookingTest(TC001_Single_Product_Checkout1.java:80)
... Removed 25 stack frames</div></td></tr></table><p class="totop"><a href="#summary">back to summary</a></p><h3 id="m1">com.AP.qa.test.TC001_Single_Product_Checkout1#LogoutTest</h3><table class="result"><tr><th>Exception</th></tr><tr><td><div class="stacktrace">java.lang.NullPointerException
	at com.AP.qa.test.TC001_Single_Product_Checkout1.LogoutTest(TC001_Single_Product_Checkout1.java:120)
... Removed 25 stack frames</div></td></tr></table><p class="totop"><a href="#summary">back to summary</a></p><h3 id="m2">com.AP.qa.test.TC001_Single_Product_Checkout1#PaymentTest</h3><table class="result"><tr><th>Exception</th></tr><tr><td><div class="stacktrace">java.lang.NullPointerException
	at com.AP.qa.test.TC001_Single_Product_Checkout1.PaymentTest(TC001_Single_Product_Checkout1.java:90)
... Removed 25 stack frames</div></td></tr></table><p class="totop"><a href="#summary">back to summary</a></p><h3 id="m3">com.AP.qa.test.TC001_Single_Product_Checkout1#LoginTest</h3><table class="result"><tr><th>Messages</th></tr><tr><td><div class="messages">Trying to find Element By : By.xpath: //a[@class=&apos;login&apos;]<br/>Found Element By : By.xpath: //a[@class=&apos;login&apos;]<br/>Trying to click on: [[ChromeDriver: chrome on WINDOWS (3f646d07301b0e1dc2a9cdf8b2008379)] -&gt; xpath: //a[@class=&apos;login&apos;]]<br/>Clicked on: [[ChromeDriver: chrome on WINDOWS (3f646d07301b0e1dc2a9cdf8b2008379)] -&gt; xpath: //a[@class=&apos;login&apos;]]<br/>Trying to find Element By : By.xpath: //input[@id=&apos;email&apos;]<br/>Found Element By : By.xpath: //input[@id=&apos;email&apos;]<br/>Trying to find Element By : By.xpath: //input[@id=&apos;passwd&apos;]<br/>Found Element By : By.xpath: //input[@id=&apos;passwd&apos;]<br/>Trying to find Element By : By.xpath: //button[@id=&apos;SubmitLogin&apos;]<br/>Found Element By : By.xpath: //button[@id=&apos;SubmitLogin&apos;]<br/>Trying to click on: [[ChromeDriver: chrome on WINDOWS (3f646d07301b0e1dc2a9cdf8b2008379)] -&gt; xpath: //button[@id=&apos;SubmitLogin&apos;]]<br/>Clicked on: [[ChromeDriver: chrome on WINDOWS (3f646d07301b0e1dc2a9cdf8b2008379)] -&gt; xpath: //button[@id=&apos;SubmitLogin&apos;]]<br/>Trying to find Element By : By.xpath: //img[@class=&apos;logo img-responsive&apos;]<br/>Found Element By : By.xpath: //img[@class=&apos;logo img-responsive&apos;]<br/>Trying to click on: [[ChromeDriver: chrome on WINDOWS (3f646d07301b0e1dc2a9cdf8b2008379)] -&gt; xpath: //img[@class=&apos;logo img-responsive&apos;]]<br/>Clicked on: [[ChromeDriver: chrome on WINDOWS (3f646d07301b0e1dc2a9cdf8b2008379)] -&gt; xpath: //img[@class=&apos;logo img-responsive&apos;]]<br/>Trying to find Element By : By.xpath: //span[contains(text(),&apos;sunil jaiswal&apos;)]<br/>Exception occured: org.openqa.selenium.NoSuchElementException: no such element: Unable to locate element: {&quot;method&quot;:&quot;xpath&quot;,&quot;selector&quot;:&quot;//span[contains(text(),&apos;sunil jaiswal&apos;)]&quot;}
  (Session info: chrome=86.0.4240.183)
For documentation on this error, please visit: https://www.seleniumhq.org/exceptions/no_such_element.html
Build info: version: &apos;3.141.59&apos;, revision: &apos;e82be7d358&apos;, time: &apos;2018-11-14T08:17:03&apos;
System info: host: &apos;IDELIVER20-PC&apos;, ip: &apos;192.168.1.13&apos;, os.name: &apos;Windows 10&apos;, os.arch: &apos;amd64&apos;, os.version: &apos;10.0&apos;, java.version: &apos;1.8.0_111&apos;
Driver info: org.openqa.selenium.chrome.ChromeDriver
Capabilities {acceptInsecureCerts: false, browserName: chrome, browserVersion: 86.0.4240.183, chrome: {chromedriverVersion: 86.0.4240.22 (398b0743353ff..., userDataDir: C:\Users\IDELIV~1\AppData\L...}, goog:chromeOptions: {debuggerAddress: localhost:59974}, javascriptEnabled: true, networkConnectionEnabled: false, pageLoadStrategy: normal, platform: WINDOWS, platformName: WINDOWS, proxy: Proxy(), setWindowRect: true, strictFileInteractability: false, timeouts: {implicit: 0, pageLoad: 300000, script: 30000}, unhandledPromptBehavior: dismiss and notify, webauthn:virtualAuthenticators: true}
Session ID: 3f646d07301b0e1dc2a9cdf8b2008379
*** Element info: {Using=xpath, value=//span[contains(text(),&apos;sunil jaiswal&apos;)]}</div></td></tr></table><p class="totop"><a href="#summary">back to summary</a></p></body></html>