<?xml version="1.0" encoding="UTF-8"?>
<testng-results skipped="0" failed="3" total="4" passed="1">
  <reporter-output>
    <line>
      <![CDATA[Before navigating to: 'http://automationpractice.com/index.php']]>
    </line>
    <line>
      <![CDATA[Navigated to:'http://automationpractice.com/index.php']]>
    </line>
    <line>
      <![CDATA[Trying to find Element By : By.xpath: //a[@class='login']]]>
    </line>
    <line>
      <![CDATA[Found Element By : By.xpath: //a[@class='login']]]>
    </line>
    <line>
      <![CDATA[Trying to click on: [[ChromeDriver: chrome on WINDOWS (3f646d07301b0e1dc2a9cdf8b2008379)] -> xpath: //a[@class='login']]]]>
    </line>
    <line>
      <![CDATA[Clicked on: [[ChromeDriver: chrome on WINDOWS (3f646d07301b0e1dc2a9cdf8b2008379)] -> xpath: //a[@class='login']]]]>
    </line>
    <line>
      <![CDATA[Trying to find Element By : By.xpath: //input[@id='email']]]>
    </line>
    <line>
      <![CDATA[Found Element By : By.xpath: //input[@id='email']]]>
    </line>
    <line>
      <![CDATA[Trying to find Element By : By.xpath: //input[@id='passwd']]]>
    </line>
    <line>
      <![CDATA[Found Element By : By.xpath: //input[@id='passwd']]]>
    </line>
    <line>
      <![CDATA[Trying to find Element By : By.xpath: //button[@id='SubmitLogin']]]>
    </line>
    <line>
      <![CDATA[Found Element By : By.xpath: //button[@id='SubmitLogin']]]>
    </line>
    <line>
      <![CDATA[Trying to click on: [[ChromeDriver: chrome on WINDOWS (3f646d07301b0e1dc2a9cdf8b2008379)] -> xpath: //button[@id='SubmitLogin']]]]>
    </line>
    <line>
      <![CDATA[Clicked on: [[ChromeDriver: chrome on WINDOWS (3f646d07301b0e1dc2a9cdf8b2008379)] -> xpath: //button[@id='SubmitLogin']]]]>
    </line>
    <line>
      <![CDATA[Trying to find Element By : By.xpath: //img[@class='logo img-responsive']]]>
    </line>
    <line>
      <![CDATA[Found Element By : By.xpath: //img[@class='logo img-responsive']]]>
    </line>
    <line>
      <![CDATA[Trying to click on: [[ChromeDriver: chrome on WINDOWS (3f646d07301b0e1dc2a9cdf8b2008379)] -> xpath: //img[@class='logo img-responsive']]]]>
    </line>
    <line>
      <![CDATA[Clicked on: [[ChromeDriver: chrome on WINDOWS (3f646d07301b0e1dc2a9cdf8b2008379)] -> xpath: //img[@class='logo img-responsive']]]]>
    </line>
    <line>
      <![CDATA[Trying to find Element By : By.xpath: //span[contains(text(),'sunil jaiswal')]]]>
    </line>
    <line>
      <![CDATA[Exception occured: org.openqa.selenium.NoSuchElementException: no such element: Unable to locate element: {"method":"xpath","selector":"//span[contains(text(),'sunil jaiswal')]"}
  (Session info: chrome=86.0.4240.183)
For documentation on this error, please visit: https://www.seleniumhq.org/exceptions/no_such_element.html
Build info: version: '3.141.59', revision: 'e82be7d358', time: '2018-11-14T08:17:03'
System info: host: 'IDELIVER20-PC', ip: '192.168.1.13', os.name: 'Windows 10', os.arch: 'amd64', os.version: '10.0', java.version: '1.8.0_111'
Driver info: org.openqa.selenium.chrome.ChromeDriver
Capabilities {acceptInsecureCerts: false, browserName: chrome, browserVersion: 86.0.4240.183, chrome: {chromedriverVersion: 86.0.4240.22 (398b0743353ff..., userDataDir: C:\Users\IDELIV~1\AppData\L...}, goog:chromeOptions: {debuggerAddress: localhost:59974}, javascriptEnabled: true, networkConnectionEnabled: false, pageLoadStrategy: normal, platform: WINDOWS, platformName: WINDOWS, proxy: Proxy(), setWindowRect: true, strictFileInteractability: false, timeouts: {implicit: 0, pageLoad: 300000, script: 30000}, unhandledPromptBehavior: dismiss and notify, webauthn:virtualAuthenticators: true}
Session ID: 3f646d07301b0e1dc2a9cdf8b2008379
*** Element info: {Using=xpath, value=//span[contains(text(),'sunil jaiswal')]}]]>
    </line>
  </reporter-output>
  <suite name="Suite" duration-ms="100831" started-at="2020-11-06T12:21:26Z" finished-at="2020-11-06T12:23:07Z">
    <groups>
    </groups>
    <test name="Test" duration-ms="100831" started-at="2020-11-06T12:21:26Z" finished-at="2020-11-06T12:23:07Z">
      <class name="com.AP.qa.test.TC001_Single_Product_Checkout1">
        <test-method status="PASS" signature="init(java.lang.String)[pri:0, instance:com.AP.qa.test.TC001_Single_Product_Checkout1@77846d2c]" name="init" is-config="true" duration-ms="43188" started-at="2020-11-06T17:51:26Z" finished-at="2020-11-06T17:52:09Z">
          <params>
            <param index="0">
              <value>
                <![CDATA[chrome]]>
              </value>
            </param>
          </params>
          <reporter-output>
            <line>
              <![CDATA[Before navigating to: 'http://automationpractice.com/index.php']]>
            </line>
            <line>
              <![CDATA[Navigated to:'http://automationpractice.com/index.php']]>
            </line>
          </reporter-output>
        </test-method> <!-- init -->
        <test-method status="PASS" signature="LoginTest()[pri:1, instance:com.AP.qa.test.TC001_Single_Product_Checkout1@77846d2c]" name="LoginTest" duration-ms="57235" started-at="2020-11-06T17:52:09Z" finished-at="2020-11-06T17:53:06Z">
          <reporter-output>
            <line>
              <![CDATA[Trying to find Element By : By.xpath: //a[@class='login']]]>
            </line>
            <line>
              <![CDATA[Found Element By : By.xpath: //a[@class='login']]]>
            </line>
            <line>
              <![CDATA[Trying to click on: [[ChromeDriver: chrome on WINDOWS (3f646d07301b0e1dc2a9cdf8b2008379)] -> xpath: //a[@class='login']]]]>
            </line>
            <line>
              <![CDATA[Clicked on: [[ChromeDriver: chrome on WINDOWS (3f646d07301b0e1dc2a9cdf8b2008379)] -> xpath: //a[@class='login']]]]>
            </line>
            <line>
              <![CDATA[Trying to find Element By : By.xpath: //input[@id='email']]]>
            </line>
            <line>
              <![CDATA[Found Element By : By.xpath: //input[@id='email']]]>
            </line>
            <line>
              <![CDATA[Trying to find Element By : By.xpath: //input[@id='passwd']]]>
            </line>
            <line>
              <![CDATA[Found Element By : By.xpath: //input[@id='passwd']]]>
            </line>
            <line>
              <![CDATA[Trying to find Element By : By.xpath: //button[@id='SubmitLogin']]]>
            </line>
            <line>
              <![CDATA[Found Element By : By.xpath: //button[@id='SubmitLogin']]]>
            </line>
            <line>
              <![CDATA[Trying to click on: [[ChromeDriver: chrome on WINDOWS (3f646d07301b0e1dc2a9cdf8b2008379)] -> xpath: //button[@id='SubmitLogin']]]]>
            </line>
            <line>
              <![CDATA[Clicked on: [[ChromeDriver: chrome on WINDOWS (3f646d07301b0e1dc2a9cdf8b2008379)] -> xpath: //button[@id='SubmitLogin']]]]>
            </line>
            <line>
              <![CDATA[Trying to find Element By : By.xpath: //img[@class='logo img-responsive']]]>
            </line>
            <line>
              <![CDATA[Found Element By : By.xpath: //img[@class='logo img-responsive']]]>
            </line>
            <line>
              <![CDATA[Trying to click on: [[ChromeDriver: chrome on WINDOWS (3f646d07301b0e1dc2a9cdf8b2008379)] -> xpath: //img[@class='logo img-responsive']]]]>
            </line>
            <line>
              <![CDATA[Clicked on: [[ChromeDriver: chrome on WINDOWS (3f646d07301b0e1dc2a9cdf8b2008379)] -> xpath: //img[@class='logo img-responsive']]]]>
            </line>
            <line>
              <![CDATA[Trying to find Element By : By.xpath: //span[contains(text(),'sunil jaiswal')]]]>
            </line>
            <line>
              <![CDATA[Exception occured: org.openqa.selenium.NoSuchElementException: no such element: Unable to locate element: {"method":"xpath","selector":"//span[contains(text(),'sunil jaiswal')]"}
  (Session info: chrome=86.0.4240.183)
For documentation on this error, please visit: https://www.seleniumhq.org/exceptions/no_such_element.html
Build info: version: '3.141.59', revision: 'e82be7d358', time: '2018-11-14T08:17:03'
System info: host: 'IDELIVER20-PC', ip: '192.168.1.13', os.name: 'Windows 10', os.arch: 'amd64', os.version: '10.0', java.version: '1.8.0_111'
Driver info: org.openqa.selenium.chrome.ChromeDriver
Capabilities {acceptInsecureCerts: false, browserName: chrome, browserVersion: 86.0.4240.183, chrome: {chromedriverVersion: 86.0.4240.22 (398b0743353ff..., userDataDir: C:\Users\IDELIV~1\AppData\L...}, goog:chromeOptions: {debuggerAddress: localhost:59974}, javascriptEnabled: true, networkConnectionEnabled: false, pageLoadStrategy: normal, platform: WINDOWS, platformName: WINDOWS, proxy: Proxy(), setWindowRect: true, strictFileInteractability: false, timeouts: {implicit: 0, pageLoad: 300000, script: 30000}, unhandledPromptBehavior: dismiss and notify, webauthn:virtualAuthenticators: true}
Session ID: 3f646d07301b0e1dc2a9cdf8b2008379
*** Element info: {Using=xpath, value=//span[contains(text(),'sunil jaiswal')]}]]>
            </line>
          </reporter-output>
        </test-method> <!-- LoginTest -->
        <test-method status="FAIL" signature="BookingTest(java.lang.String)[pri:2, instance:com.AP.qa.test.TC001_Single_Product_Checkout1@77846d2c]" name="BookingTest" duration-ms="54" started-at="2020-11-06T17:53:06Z" finished-at="2020-11-06T17:53:06Z">
          <params>
            <param index="0">
              <value>
                <![CDATA[Single]]>
              </value>
            </param>
          </params>
          <exception class="java.lang.StringIndexOutOfBoundsException">
            <message>
              <![CDATA[String index out of range: 88]]>
            </message>
            <full-stacktrace>
              <![CDATA[java.lang.StringIndexOutOfBoundsException: String index out of range: 88
	at java.lang.String.substring(String.java:1963)
	at com.AP.qa.test.TC001_Single_Product_Checkout1.BookingTest(TC001_Single_Product_Checkout1.java:80)
	at sun.reflect.NativeMethodAccessorImpl.invoke0(Native Method)
	at sun.reflect.NativeMethodAccessorImpl.invoke(NativeMethodAccessorImpl.java:62)
	at sun.reflect.DelegatingMethodAccessorImpl.invoke(DelegatingMethodAccessorImpl.java:43)
	at java.lang.reflect.Method.invoke(Method.java:498)
	at org.testng.internal.MethodInvocationHelper.invokeMethod(MethodInvocationHelper.java:86)
	at org.testng.internal.Invoker.invokeMethod(Invoker.java:646)
	at org.testng.internal.Invoker.invokeTestMethod(Invoker.java:823)
	at org.testng.internal.Invoker.invokeTestMethods(Invoker.java:1131)
	at org.testng.internal.TestMethodWorker.invokeTestMethods(TestMethodWorker.java:129)
	at org.testng.internal.TestMethodWorker.run(TestMethodWorker.java:112)
	at org.testng.TestRunner.privateRun(TestRunner.java:778)
	at org.testng.TestRunner.run(TestRunner.java:632)
	at org.testng.SuiteRunner.runTest(SuiteRunner.java:366)
	at org.testng.SuiteRunner.runSequentially(SuiteRunner.java:361)
	at org.testng.SuiteRunner.privateRun(SuiteRunner.java:319)
	at org.testng.SuiteRunner.run(SuiteRunner.java:268)
	at org.testng.SuiteRunnerWorker.runSuite(SuiteRunnerWorker.java:52)
	at org.testng.SuiteRunnerWorker.run(SuiteRunnerWorker.java:86)
	at org.testng.TestNG.runSuitesSequentially(TestNG.java:1225)
	at org.testng.TestNG.runSuitesLocally(TestNG.java:1150)
	at org.testng.TestNG.runSuites(TestNG.java:1075)
	at org.testng.TestNG.run(TestNG.java:1047)
	at org.testng.remote.AbstractRemoteTestNG.run(AbstractRemoteTestNG.java:126)
	at org.testng.remote.RemoteTestNG.initAndRun(RemoteTestNG.java:137)
	at org.testng.remote.RemoteTestNG.main(RemoteTestNG.java:58)
]]>
            </full-stacktrace>
          </exception> <!-- java.lang.StringIndexOutOfBoundsException -->
          <reporter-output>
          </reporter-output>
        </test-method> <!-- BookingTest -->
        <test-method status="FAIL" signature="PaymentTest()[pri:3, instance:com.AP.qa.test.TC001_Single_Product_Checkout1@77846d2c]" name="PaymentTest" duration-ms="28" started-at="2020-11-06T17:53:06Z" finished-at="2020-11-06T17:53:06Z">
          <exception class="java.lang.NullPointerException">
            <full-stacktrace>
              <![CDATA[java.lang.NullPointerException
	at com.AP.qa.test.TC001_Single_Product_Checkout1.PaymentTest(TC001_Single_Product_Checkout1.java:90)
	at sun.reflect.NativeMethodAccessorImpl.invoke0(Native Method)
	at sun.reflect.NativeMethodAccessorImpl.invoke(NativeMethodAccessorImpl.java:62)
	at sun.reflect.DelegatingMethodAccessorImpl.invoke(DelegatingMethodAccessorImpl.java:43)
	at java.lang.reflect.Method.invoke(Method.java:498)
	at org.testng.internal.MethodInvocationHelper.invokeMethod(MethodInvocationHelper.java:86)
	at org.testng.internal.Invoker.invokeMethod(Invoker.java:646)
	at org.testng.internal.Invoker.invokeTestMethod(Invoker.java:823)
	at org.testng.internal.Invoker.invokeTestMethods(Invoker.java:1131)
	at org.testng.internal.TestMethodWorker.invokeTestMethods(TestMethodWorker.java:129)
	at org.testng.internal.TestMethodWorker.run(TestMethodWorker.java:112)
	at org.testng.TestRunner.privateRun(TestRunner.java:778)
	at org.testng.TestRunner.run(TestRunner.java:632)
	at org.testng.SuiteRunner.runTest(SuiteRunner.java:366)
	at org.testng.SuiteRunner.runSequentially(SuiteRunner.java:361)
	at org.testng.SuiteRunner.privateRun(SuiteRunner.java:319)
	at org.testng.SuiteRunner.run(SuiteRunner.java:268)
	at org.testng.SuiteRunnerWorker.runSuite(SuiteRunnerWorker.java:52)
	at org.testng.SuiteRunnerWorker.run(SuiteRunnerWorker.java:86)
	at org.testng.TestNG.runSuitesSequentially(TestNG.java:1225)
	at org.testng.TestNG.runSuitesLocally(TestNG.java:1150)
	at org.testng.TestNG.runSuites(TestNG.java:1075)
	at org.testng.TestNG.run(TestNG.java:1047)
	at org.testng.remote.AbstractRemoteTestNG.run(AbstractRemoteTestNG.java:126)
	at org.testng.remote.RemoteTestNG.initAndRun(RemoteTestNG.java:137)
	at org.testng.remote.RemoteTestNG.main(RemoteTestNG.java:58)
]]>
            </full-stacktrace>
          </exception> <!-- java.lang.NullPointerException -->
          <reporter-output>
          </reporter-output>
        </test-method> <!-- PaymentTest -->
        <test-method status="FAIL" signature="LogoutTest()[pri:4, instance:com.AP.qa.test.TC001_Single_Product_Checkout1@77846d2c]" name="LogoutTest" duration-ms="18" started-at="2020-11-06T17:53:06Z" finished-at="2020-11-06T17:53:06Z">
          <exception class="java.lang.NullPointerException">
            <full-stacktrace>
              <![CDATA[java.lang.NullPointerException
	at com.AP.qa.test.TC001_Single_Product_Checkout1.LogoutTest(TC001_Single_Product_Checkout1.java:120)
	at sun.reflect.NativeMethodAccessorImpl.invoke0(Native Method)
	at sun.reflect.NativeMethodAccessorImpl.invoke(NativeMethodAccessorImpl.java:62)
	at sun.reflect.DelegatingMethodAccessorImpl.invoke(DelegatingMethodAccessorImpl.java:43)
	at java.lang.reflect.Method.invoke(Method.java:498)
	at org.testng.internal.MethodInvocationHelper.invokeMethod(MethodInvocationHelper.java:86)
	at org.testng.internal.Invoker.invokeMethod(Invoker.java:646)
	at org.testng.internal.Invoker.invokeTestMethod(Invoker.java:823)
	at org.testng.internal.Invoker.invokeTestMethods(Invoker.java:1131)
	at org.testng.internal.TestMethodWorker.invokeTestMethods(TestMethodWorker.java:129)
	at org.testng.internal.TestMethodWorker.run(TestMethodWorker.java:112)
	at org.testng.TestRunner.privateRun(TestRunner.java:778)
	at org.testng.TestRunner.run(TestRunner.java:632)
	at org.testng.SuiteRunner.runTest(SuiteRunner.java:366)
	at org.testng.SuiteRunner.runSequentially(SuiteRunner.java:361)
	at org.testng.SuiteRunner.privateRun(SuiteRunner.java:319)
	at org.testng.SuiteRunner.run(SuiteRunner.java:268)
	at org.testng.SuiteRunnerWorker.runSuite(SuiteRunnerWorker.java:52)
	at org.testng.SuiteRunnerWorker.run(SuiteRunnerWorker.java:86)
	at org.testng.TestNG.runSuitesSequentially(TestNG.java:1225)
	at org.testng.TestNG.runSuitesLocally(TestNG.java:1150)
	at org.testng.TestNG.runSuites(TestNG.java:1075)
	at org.testng.TestNG.run(TestNG.java:1047)
	at org.testng.remote.AbstractRemoteTestNG.run(AbstractRemoteTestNG.java:126)
	at org.testng.remote.RemoteTestNG.initAndRun(RemoteTestNG.java:137)
	at org.testng.remote.RemoteTestNG.main(RemoteTestNG.java:58)
]]>
            </full-stacktrace>
          </exception> <!-- java.lang.NullPointerException -->
          <reporter-output>
          </reporter-output>
        </test-method> <!-- LogoutTest -->
        <test-method status="PASS" signature="Flush()[pri:0, instance:com.AP.qa.test.TC001_Single_Product_Checkout1@77846d2c]" name="Flush" is-config="true" duration-ms="211" started-at="2020-11-06T17:53:06Z" finished-at="2020-11-06T17:53:07Z">
          <reporter-output>
          </reporter-output>
        </test-method> <!-- Flush -->
      </class> <!-- com.AP.qa.test.TC001_Single_Product_Checkout1 -->
    </test> <!-- Test -->
  </suite> <!-- Suite -->
</testng-results>
